<?xml version="1.0" encoding="UTF-8"?>
<!-- Generated by org.testng.reporters.JUnitXMLReporter -->
<testsuite ignored="0" hostname="LAPTOP-GNV25A78" failures="0" tests="1" name="Test-Runner-Edge" time="32.831" errors="0" timestamp="2024-03-13T11:36:16 IST">
  <testcase classname="contactsTest.CreateNewContactTest" name="createContactWithMandatoryfields" time="14.259"/>
</testsuite> <!-- Test-Runner-Edge -->
