<?xml version="1.0" encoding="UTF-8"?>
<!-- Generated by org.testng.reporters.JUnitXMLReporter -->
<testsuite ignored="0" hostname="LAPTOP-GNV25A78" failures="0" tests="1" name="Test-Runner-2" time="40.925" errors="0" timestamp="2024-03-13T10:53:17 IST">
  <testcase classname="contactsTest.CreateNewContactLeadSrc" name="createContactWithLeadSrcValueDropDown" time="15.987"/>
</testsuite> <!-- Test-Runner-2 -->
