<?xml version="1.0" encoding="UTF-8"?>
<!-- Generated by org.testng.reporters.JUnitReportReporter -->
<testsuite hostname="LAPTOP-GNV25A78" failures="0" tests="1" name="CreateNewContactTest1" time="16.961" errors="0" timestamp="2024-03-07T10:57:41 IST" skipped="0">
  <testcase classname="CreateNewContactTest1" name="createContactWithMandatoryfields" time="16.961"/>
  <system-out/>
</testsuite> <!-- CreateNewContactTest1 -->
