<?xml version="1.0" encoding="UTF-8"?>
<!-- Generated by org.testng.reporters.JUnitReportReporter -->
<testsuite hostname="LAPTOP-GNV25A78" failures="0" tests="1" name="contactsTest.CreateNewContactLeadSrc" time="25.744" errors="0" timestamp="2024-03-13T10:53:17 IST" skipped="0">
  <testcase classname="contactsTest.CreateNewContactLeadSrc" name="createContactWithLeadSrcValueDropDown" time="25.744"/>
  <system-out/>
</testsuite> <!-- contactsTest.CreateNewContactLeadSrc -->
